<?xml version="1.0" encoding="UTF-8"?>
<testng-results ignored="0" total="1" passed="1" failed="0" skipped="0">
  <reporter-output>
  </reporter-output>
  <suite started-at="2025-08-13T12:00:57 IST" name="Default suite" finished-at="2025-08-13T12:01:01 IST" duration-ms="4172">
    <groups>
    </groups>
    <test started-at="2025-08-13T12:00:57 IST" name="Default test" finished-at="2025-08-13T12:01:01 IST" duration-ms="4172">
      <class name="CreateJira">
        <test-method signature="JiraCreate()[pri:0, instance:CreateJira@4562e04d]" started-at="2025-08-13T12:00:57 IST" name="JiraCreate" finished-at="2025-08-13T12:01:01 IST" duration-ms="4094" status="PASS">
          <reporter-output>
          </reporter-output>
        </test-method> <!-- JiraCreate -->
      </class> <!-- CreateJira -->
    </test> <!-- Default test -->
  </suite> <!-- Default suite -->
</testng-results>
